<!--?xml version="1.0" encoding="UTF-8"?-->  

<hibernate-configuration>
	<session-factory>
		<property name="hibernate.connection.driver_class">org.h2.Driver</property>
		<property name="hibernate.connection.username">sa</property>
		<property name="hibernate.connection.password"></property>
		<property name="hibernate.connection.url">jdbc:h2:mem:test</property>
		<property name="hibernate.dialect">org.hibernate.dialect.H2Dialect</property>
		<property name="show_sql">true</property>
		<property name="connection.pool_size">5</property>
		<property name="hibernate.id.new_generator_mappings">false</property>
		<property name="hibernate.hbm2ddl.auto">create</property><!-- creates schema from entities each app deploy  -->

		<!-- here all entities will come -->
		<mapping class="com.howtodoinjava.demo.model.Phone"/>
		<mapping class="com.howtodoinjava.demo.model.User"/>
	</session-factory>
</hibernate-configuration> 